Arguments: 
  /home/yure/.nvm/versions/node/v14.15.1/bin/node /usr/share/yarn/bin/yarn.js add reflect-matadata rxjs

PATH: 
  /home/yure/.asdf/shims:/home/yure/.asdf/bin:/home/yure/.zinit/polaris/bin:/home/yure/.nvm/versions/node/v14.15.1/bin:/home/linuxbrew/.linuxbrew/bin:/home/linuxbrew/.linuxbrew/sbin:/home/yure/.local/bin:/usr/local/sbin:/usr/local/bin:/usr/sbin:/usr/bin:/sbin:/bin:/usr/games:/usr/local/games:/snap/bin:/home/yure/Android/Sdk/emulator:/home/yure/Android/Sdk/tools:/home/yure/Android/Sdk/tools/bin:/home/yure/Android/Sdk/platform-tools:/home/yure/.bin:/home/yure/yure/Downloads/android-studio/bin:/home/yure/Desenvolvimento/flutter/bin:/home/yure/Android/Sdk/emulator:/home/yure/Android/Sdk/tools:/home/yure/Android/Sdk/tools/bin:/home/yure/Android/Sdk/platform-tools:/home/yure/.bin:/home/yure/yure/Downloads/android-studio/bin:/home/yure/Desenvolvimento/flutter/bin

Yarn version: 
  1.22.5

Node version: 
  14.15.1

Platform: 
  linux x64

Trace: 
  Error: https://registry.yarnpkg.com/reflect-matadata: Not found
      at Request.params.callback [as _callback] (/usr/share/yarn/lib/cli.js:66988:18)
      at Request.self.callback (/usr/share/yarn/lib/cli.js:140749:22)
      at Request.emit (events.js:315:20)
      at Request.<anonymous> (/usr/share/yarn/lib/cli.js:141721:10)
      at Request.emit (events.js:315:20)
      at IncomingMessage.<anonymous> (/usr/share/yarn/lib/cli.js:141643:12)
      at Object.onceWrapper (events.js:421:28)
      at IncomingMessage.emit (events.js:327:22)
      at endReadableNT (_stream_readable.js:1327:12)
      at processTicksAndRejections (internal/process/task_queues.js:80:21)

npm manifest: 
  No manifest

yarn manifest: 
  No manifest

Lockfile: 
  No lockfile
